sqlalchemy.exc.CompileError: (in table 'users', column 'id'): Compiler <sqlalchemy.dialects.sqlite.base.SQLiteTypeCompiler object at 0x7e0271e6d0d0> can't render element of type UUID
    raise exc.CompileError(
  File "/opt/render/project/src/.venv/lib/python3.11/site-packages/sqlalchemy/sql/compiler.py", line 6497, in visit_create_table
           ^^^^^^^^^^^^^^^^
    return meth(self, **kw)  # type: ignore  # noqa: E501
  File "/opt/render/project/src/.venv/lib/python3.11/site-packages/sqlalchemy/sql/visitors.py", line 143, in _compiler_dispatch
           ^^^^^^^^^^^^^^^^^^^^^^^^^^^^^^^^^^^^^^
    return obj._compiler_dispatch(self, **kwargs)
  File "/opt/render/project/src/.venv/lib/python3.11/site-packages/sqlalchemy/sql/compiler.py", line 912, in process
                  ^^^^^^^^^^^^^^^^^^^^^^^^^^^^^^^^^^^^^^^^^^^^^^
    self.string = self.process(self.statement, **compile_kwargs)
  File "/opt/render/project/src/.venv/lib/python3.11/site-packages/sqlalchemy/sql/compiler.py", line 867, in __init__
           ^^^^^^^^^^^^^^^^^^^^^^^^^^^^^^^^^^^^^^^^^
    return dialect.ddl_compiler(dialect, self, **kw)
  File "/opt/render/project/src/.venv/lib/python3.11/site-packages/sqlalchemy/sql/ddl.py", line 69, in _compiler
           ^^^^^^^^^^^^^^^^^^^^^^^^^^^^^
    return self._compiler(dialect, **kw)
  File "/opt/render/project/src/.venv/lib/python3.11/site-packages/sqlalchemy/sql/elements.py", line 308, in compile
               ^^^^^^^^^^^^
    compiled = ddl.compile(
  File "/opt/render/project/src/.venv/lib/python3.11/site-packages/sqlalchemy/engine/base.py", line 1525, in _execute_ddl
           ^^^^^^^^^^^^^^^^^^^^^^^^
    return connection._execute_ddl(
  File "/opt/render/project/src/.venv/lib/python3.11/site-packages/sqlalchemy/sql/ddl.py", line 181, in _execute_on_connection
           ^^^^^
    return meth(
  File "/opt/render/project/src/.venv/lib/python3.11/site-packages/sqlalchemy/engine/base.py", line 1416, in execute
           ^^^^^^^^^^^^^^^^^^
    return bind.execute(self)
  File "/opt/render/project/src/.venv/lib/python3.11/site-packages/sqlalchemy/sql/ddl.py", line 315, in _invoke_with
      ^^^^^^^^^^^^^^^^^^^^^^^^^^^^^
    )._invoke_with(self.connection)
  File "/opt/render/project/src/.venv/lib/python3.11/site-packages/sqlalchemy/sql/ddl.py", line 957, in visit_table
           ^^^^^^^^^^^^^^^
    return meth(obj, **kw)
  File "/opt/render/project/src/.venv/lib/python3.11/site-packages/sqlalchemy/sql/visitors.py", line 671, in traverse_single
    self.traverse_single(
  File "/opt/render/project/src/.venv/lib/python3.11/site-packages/sqlalchemy/sql/ddl.py", line 919, in visit_metadata
           ^^^^^^^^^^^^^^^
    return meth(obj, **kw)
  File "/opt/render/project/src/.venv/lib/python3.11/site-packages/sqlalchemy/sql/visitors.py", line 671, in traverse_single
    visitorcallable(self.dialect, self, **kwargs).traverse_single(element)
  File "/opt/render/project/src/.venv/lib/python3.11/site-packages/sqlalchemy/engine/base.py", line 2447, in _run_ddl_visitor
    conn._run_ddl_visitor(visitorcallable, element, **kwargs)
  File "/opt/render/project/src/.venv/lib/python3.11/site-packages/sqlalchemy/engine/base.py", line 3243, in _run_ddl_visitor
    bind._run_ddl_visitor(
  File "/opt/render/project/src/.venv/lib/python3.11/site-packages/sqlalchemy/sql/schema.py", line 5828, in create_all
    getattr(metadata, op_name)(bind=engine)
  File "/opt/render/project/src/.venv/lib/python3.11/site-packages/flask_sqlalchemy/extension.py", line 881, in _call_for_binds
    self._call_for_binds(bind_key, "create_all")
  File "/opt/render/project/src/.venv/lib/python3.11/site-packages/flask_sqlalchemy/extension.py", line 900, in create_all
    db.create_all()
  File "/opt/render/project/src/main.py", line 8, in <module>
  File "<frozen importlib._bootstrap>", line 241, in _call_with_frames_removed
  File "<frozen importlib._bootstrap_external>", line 940, in exec_module
  File "<frozen importlib._bootstrap>", line 690, in _load_unlocked
  File "<frozen importlib._bootstrap>", line 1147, in _find_and_load_unlocked
  File "<frozen importlib._bootstrap>", line 1176, in _find_and_load
  File "<frozen importlib._bootstrap>", line 1204, in _gcd_import
           ^^^^^^^^^^^^^^^^^^^^^^^^^^^^^^^^^^^^^^^^^^^^^^^^^^^^
    return _bootstrap._gcd_import(name[level:], package, level)
  File "/usr/local/lib/python3.11/importlib/__init__.py", line 126, in import_module
          ^^^^^^^^^^^^^^^^^^^^^^^^^^^^^^^
    mod = importlib.import_module(module)
  File "/opt/render/project/src/.venv/lib/python3.11/site-packages/gunicorn/util.py", line 371, in import_app
           ^^^^^^^^^^^^^^^^^^^^^^^^^^^^^
    return util.import_app(self.app_uri)
  File "/opt/render/project/src/.venv/lib/python3.11/site-packages/gunicorn/app/wsgiapp.py", line 48, in load_wsgiapp
           ^^^^^^^^^^^^^^^^^^^
    return self.load_wsgiapp()
  File "/opt/render/project/src/.venv/lib/python3.11/site-packages/gunicorn/app/wsgiapp.py", line 58, in load
                    ^^^^^^^^^^^
    self.callable = self.load()
  File "/opt/render/project/src/.venv/lib/python3.11/site-packages/gunicorn/app/base.py", line 67, in wsgi
    self.app.wsgi()
  File "/opt/render/project/src/.venv/lib/python3.11/site-packages/gunicorn/arbiter.py", line 118, in setup
    self.setup(app)
  File "/opt/render/project/src/.venv/lib/python3.11/site-packages/gunicorn/arbiter.py", line 58, in __init__
    ^^^^^^^^^^^^^
    Arbiter(self).run()
  File "/opt/render/project/src/.venv/lib/python3.11/site-packages/gunicorn/app/base.py", line 72, in run
    super().run()
  File "/opt/render/project/src/.venv/lib/python3.11/site-packages/gunicorn/app/base.py", line 236, in run
    WSGIApplication("%(prog)s [OPTIONS] [APP_MODULE]").run()
  File "/opt/render/project/src/.venv/lib/python3.11/site-packages/gunicorn/app/wsgiapp.py", line 67, in run
             ^^^^^
    sys.exit(run())
  File "/opt/render/project/src/.venv/bin/gunicorn", line 8, in <module>
Traceback (most recent call last):
The above exception was the direct cause of the following exception:
sqlalchemy.exc.UnsupportedCompilationError: Compiler <sqlalchemy.dialects.sqlite.base.SQLiteTypeCompiler object at 0x7e0271e6d0d0> can't render element of type UUID (Background on this error at: https://sqlalche.me/e/20/l7de)
    raise exc.UnsupportedCompilationError(self, element) from err
  File "/opt/render/project/src/.venv/lib/python3.11/site-packages/sqlalchemy/sql/compiler.py", line 962, in visit_unsupported_compilation
           ^^^^^^^^^^^^^^^^^^^^^^^^^^^^^^^^^^^^^^^^^^^^^^^^^^^^^^
    return visitor.visit_unsupported_compilation(self, err, **kw)  # type: ignore  # noqa: E501
  File "/opt/render/project/src/.venv/lib/python3.11/site-packages/sqlalchemy/sql/visitors.py", line 141, in _compiler_dispatch
           ^^^^^^^^^^^^^^^^^^^^^^^^^^^^^^^^^^^^
    return type_._compiler_dispatch(self, **kw)
==> Running 'gunicorn --bind 0.0.0.0:5000 main:app'
==> Common ways to troubleshoot your deploy: https://render.com/docs/troubleshooting-deploys
==> Exited with status 1
sqlalchemy.exc.CompileError: (in table 'users', column 'id'): Compiler <sqlalchemy.dialects.sqlite.base.SQLiteTypeCompiler object at 0x7fe7c4c69550> can't render element of type UUID
    raise exc.CompileError(
  File "/opt/render/project/src/.venv/lib/python3.11/site-packages/sqlalchemy/sql/compiler.py", line 6497, in visit_create_table
           ^^^^^^^^^^^^^^^^
    return meth(self, **kw)  # type: ignore  # noqa: E501
  File "/opt/render/project/src/.venv/lib/python3.11/site-packages/sqlalchemy/sql/visitors.py", line 143, in _compiler_dispatch
           ^^^^^^^^^^^^^^^^^^^^^^^^^^^^^^^^^^^^^^
    return obj._compiler_dispatch(self, **kwargs)
  File "/opt/render/project/src/.venv/lib/python3.11/site-packages/sqlalchemy/sql/compiler.py", line 912, in process
                  ^^^^^^^^^^^^^^^^^^^^^^^^^^^^^^^^^^^^^^^^^^^^^^
    self.string = self.process(self.statement, **compile_kwargs)
  File "/opt/render/project/src/.venv/lib/python3.11/site-packages/sqlalchemy/sql/compiler.py", line 867, in __init__
           ^^^^^^^^^^^^^^^^^^^^^^^^^^^^^^^^^^^^^^^^^
    return dialect.ddl_compiler(dialect, self, **kw)
  File "/opt/render/project/src/.venv/lib/python3.11/site-packages/sqlalchemy/sql/ddl.py", line 69, in _compiler
           ^^^^^^^^^^^^^^^^^^^^^^^^^^^^^
    return self._compiler(dialect, **kw)
  File "/opt/render/project/src/.venv/lib/python3.11/site-packages/sqlalchemy/sql/elements.py", line 308, in compile
               ^^^^^^^^^^^^
    compiled = ddl.compile(
  File "/opt/render/project/src/.venv/lib/python3.11/site-packages/sqlalchemy/engine/base.py", line 1525, in _execute_ddl
           ^^^^^^^^^^^^^^^^^^^^^^^^
    return connection._execute_ddl(
  File "/opt/render/project/src/.venv/lib/python3.11/site-packages/sqlalchemy/sql/ddl.py", line 181, in _execute_on_connection
           ^^^^^
    return meth(
  File "/opt/render/project/src/.venv/lib/python3.11/site-packages/sqlalchemy/engine/base.py", line 1416, in execute
           ^^^^^^^^^^^^^^^^^^
    return bind.execute(self)
  File "/opt/render/project/src/.venv/lib/python3.11/site-packages/sqlalchemy/sql/ddl.py", line 315, in _invoke_with
      ^^^^^^^^^^^^^^^^^^^^^^^^^^^^^
    )._invoke_with(self.connection)
  File "/opt/render/project/src/.venv/lib/python3.11/site-packages/sqlalchemy/sql/ddl.py", line 957, in visit_table
           ^^^^^^^^^^^^^^^
    return meth(obj, **kw)
  File "/opt/render/project/src/.venv/lib/python3.11/site-packages/sqlalchemy/sql/visitors.py", line 671, in traverse_single
    self.traverse_single(
  File "/opt/render/project/src/.venv/lib/python3.11/site-packages/sqlalchemy/sql/ddl.py", line 919, in visit_metadata
           ^^^^^^^^^^^^^^^
    return meth(obj, **kw)
  File "/opt/render/project/src/.venv/lib/python3.11/site-packages/sqlalchemy/sql/visitors.py", line 671, in traverse_single
    visitorcallable(self.dialect, self, **kwargs).traverse_single(element)
  File "/opt/render/project/src/.venv/lib/python3.11/site-packages/sqlalchemy/engine/base.py", line 2447, in _run_ddl_visitor
    conn._run_ddl_visitor(visitorcallable, element, **kwargs)
  File "/opt/render/project/src/.venv/lib/python3.11/site-packages/sqlalchemy/engine/base.py", line 3243, in _run_ddl_visitor
    bind._run_ddl_visitor(
  File "/opt/render/project/src/.venv/lib/python3.11/site-packages/sqlalchemy/sql/schema.py", line 5828, in create_all
    getattr(metadata, op_name)(bind=engine)
  File "/opt/render/project/src/.venv/lib/python3.11/site-packages/flask_sqlalchemy/extension.py", line 881, in _call_for_binds
    self._call_for_binds(bind_key, "create_all")
  File "/opt/render/project/src/.venv/lib/python3.11/site-packages/flask_sqlalchemy/extension.py", line 900, in create_all
    db.create_all()
  File "/opt/render/project/src/main.py", line 8, in <module>
  File "<frozen importlib._bootstrap>", line 241, in _call_with_frames_removed
  File "<frozen importlib._bootstrap_external>", line 940, in exec_module
  File "<frozen importlib._bootstrap>", line 690, in _load_unlocked
  File "<frozen importlib._bootstrap>", line 1147, in _find_and_load_unlocked
  File "<frozen importlib._bootstrap>", line 1176, in _find_and_load
  File "<frozen importlib._bootstrap>", line 1204, in _gcd_import
           ^^^^^^^^^^^^^^^^^^^^^^^^^^^^^^^^^^^^^^^^^^^^^^^^^^^^
    return _bootstrap._gcd_import(name[level:], package, level)
  File "/usr/local/lib/python3.11/importlib/__init__.py", line 126, in import_module
          ^^^^^^^^^^^^^^^^^^^^^^^^^^^^^^^
    mod = importlib.import_module(module)
  File "/opt/render/project/src/.venv/lib/python3.11/site-packages/gunicorn/util.py", line 371, in import_app
           ^^^^^^^^^^^^^^^^^^^^^^^^^^^^^
    return util.import_app(self.app_uri)
  File "/opt/render/project/src/.venv/lib/python3.11/site-packages/gunicorn/app/wsgiapp.py", line 48, in load_wsgiapp
           ^^^^^^^^^^^^^^^^^^^
    return self.load_wsgiapp()
  File "/opt/render/project/src/.venv/lib/python3.11/site-packages/gunicorn/app/wsgiapp.py", line 58, in load
                    ^^^^^^^^^^^
    self.callable = self.load()
  File "/opt/render/project/src/.venv/lib/python3.11/site-packages/gunicorn/app/base.py", line 67, in wsgi
    self.app.wsgi()
  File "/opt/render/project/src/.venv/lib/python3.11/site-packages/gunicorn/arbiter.py", line 118, in setup
    self.setup(app)
  File "/opt/render/project/src/.venv/lib/python3.11/site-packages/gunicorn/arbiter.py", line 58, in __init__
    ^^^^^^^^^^^^^
    Arbiter(self).run()
  File "/opt/render/project/src/.venv/lib/python3.11/site-packages/gunicorn/app/base.py", line 72, in run
    super().run()
  File "/opt/render/project/src/.venv/lib/python3.11/site-packages/gunicorn/app/base.py", line 236, in run
    WSGIApplication("%(prog)s [OPTIONS] [APP_MODULE]").run()
  File "/opt/render/project/src/.venv/lib/python3.11/site-packages/gunicorn/app/wsgiapp.py", line 67, in run
             ^^^^^
    sys.exit(run())
  File "/opt/render/project/src/.venv/bin/gunicorn", line 8, in <module>
Traceback (most recent call last):
The above exception was the direct cause of the following exception:
sqlalchemy.exc.UnsupportedCompilationError: Compiler <sqlalchemy.dialects.sqlite.base.SQLiteTypeCompiler object at 0x7fe7c4c69550> can't render element of type UUID (Background on this error at: https://sqlalche.me/e/20/l7de)
    raise exc.UnsupportedCompilationError(self, element) from err
  File "/opt/render/project/src/.venv/lib/python3.11/site-packages/sqlalchemy/sql/compiler.py", line 962, in visit_unsupported_compilation
           ^^^^^^^^^^^^^^^^^^^^^^^^^^^^^^^^^^^^^^^^^^^^^^^^^^^^^^
    return visitor.visit_unsupported_compilation(self, err, **kw)  # type: ignore  # noqa: E501
  File "/opt/render/project/src/.venv/lib/python3.11/site-packages/sqlalchemy/sql/visitors.py", line 141, in _compiler_dispatch
           ^^^^^^^^^^^^^^^^^^^^^^^^^^^^^^^^^^^^
    return type_._compiler_dispatch(self, **kw)
  File "/opt/render/project/src/.venv/lib/python3.11/site-packages/sqlalchemy/sql/compiler.py", line 957, in process
              ^^^^^^^^^^^^^^^^^^^^^^^^^^^^^^^^^^^^^^^^^^^^
    coltype = self.dialect.type_compiler_instance.process(
  File "/opt/render/project/src/.venv/lib/python3.11/site-packages/sqlalchemy/dialects/sqlite/base.py", line 1534, in get_column_specification
           ^^^^^^^^^^^^^^^^^^^^^^^^^^^^^^^^^^^^^^^^^^^^^^^^^^^^^^^^
    text = self.get_column_specification(column, first_pk=first_pk)
  File "/opt/render/project/src/.venv/lib/python3.11/site-packages/sqlalchemy/sql/compiler.py", line 6518, in visit_create_column
           ^^^^^^^^^^^^^^^^
    return meth(self, **kw)  # type: ignore  # noqa: E501
  File "/opt/render/project/src/.venv/lib/python3.11/site-packages/sqlalchemy/sql/visitors.py", line 143, in _compiler_dispatch
           ^^^^^^^^^^^^^^^^^^^^^^^^^^^^^^^^^^^^^^
    return obj._compiler_dispatch(self, **kwargs)
  File "/opt/render/project/src/.venv/lib/python3.11/site-packages/sqlalchemy/sql/compiler.py", line 912, in process
                ^^^^^^^^^^^^^
    processed = self.process(
  File "/opt/render/project/src/.venv/lib/python3.11/site-packages/sqlalchemy/sql/compiler.py", line 6487, in visit_create_table
Traceback (most recent call last):
The above exception was the direct cause of the following exception:
AttributeError: 'SQLiteTypeCompiler' object has no attribute 'visit_UUID'. Did you mean: 'visit_uuid'?
           ^^^^^^^^^^^^^^^
    meth = getter(visitor)
  File "/opt/render/project/src/.venv/lib/python3.11/site-packages/sqlalchemy/sql/visitors.py", line 139, in _compiler_dispatch
Traceback (most recent call last):
==> Running 'gunicorn --bind 0.0.0.0:5000 main:app'
==> Deploying...
==> Build successful ğŸ‰
==> Uploaded in 4.4s. Compression took 1.3s
==> Uploading build...
[notice] To update, run: pip install --upgrade pip
[notice] A new release of pip is available: 24.0 -> 25.0.1
Successfully installed Flask-2.3.3 Flask-Cors-4.0.0 Flask-Login-0.6.3 Flask-SQLAlchemy-3.1.1 Flask-WTF-1.2.1 Jinja2-3.1.6 MarkupSafe-3.0.2 SQLAlchemy-2.0.23 Werkzeug-2.3.7 annotated-types-0.7.0 anyio-4.9.0 blinker-1.9.0 certifi-2025.1.31 click-8.1.8 deprecation-2.1.0 dnspython-2.7.0 email-validator-2.1.0 gotrue-1.3.1 greenlet-3.1.1 gunicorn-21.2.0 h11-0.14.0 httpcore-0.17.3 httpx-0.24.1 idna-3.10 itsdangerous-2.2.0 packaging-24.2 postgrest-0.10.8 psycopg2-binary-2.9.9 pydantic-2.11.3 pydantic-core-2.33.1 python-dateutil-2.9.0.post0 realtime-1.0.6 six-1.17.0 sniffio-1.3.1 storage3-0.5.4 strenum-0.4.15 supabase-1.0.4 supafunc-0.2.3 typing-extensions-4.13.1 typing-inspection-0.4.0 websockets-12.0 wtforms-3.2.1
Installing collected packages: strenum, websockets, typing-extensions, sniffio, six, psycopg2-binary, packaging, MarkupSafe, itsdangerous, idna, h11, greenlet, dnspython, click, certifi, blinker, annotated-types, wtforms, Werkzeug, typing-inspection, SQLAlchemy, python-dateutil, pydantic-core, Jinja2, gunicorn, email-validator, deprecation, anyio, realtime, pydantic, httpcore, Flask, httpx, Flask-WTF, Flask-SQLAlchemy, Flask-Login, Flask-Cors, supafunc, storage3, postgrest, gotrue, supabase
Downloading typing_inspection-0.4.0-py3-none-any.whl (14 kB)
Downloading six-1.17.0-py2.py3-none-any.whl (11 kB)
   â”â”â”â”â”â”â”â”â”â”â”â”â”â”â”â”â”â”â”â”â”â”â”â”â”â”â”â”â”â”â”â”â”â”â”â”â”â”â”â” 58.3/58.3 kB 12.0 MB/s eta 0:00:00
Downloading h11-0.14.0-py3-none-any.whl (58 kB)
   â”â”â”â”â”â”â”â”â”â”â”â”â”â”â”â”â”â”â”â”â”â”â”â”â”â”â”â”â”â”â”â”â”â”â”â”â”â”â”â” 100.9/100.9 kB 19.8 MB/s eta 0:00:00
Downloading anyio-4.9.0-py3-none-any.whl (100 kB)
Downloading annotated_types-0.7.0-py3-none-any.whl (13 kB)
   â”â”â”â”â”â”â”â”â”â”â”â”â”â”â”â”â”â”â”â”â”â”â”â”â”â”â”â”â”â”â”â”â”â”â”â”â”â”â”â” 166.4/166.4 kB 33.2 MB/s eta 0:00:00
Downloading certifi-2025.1.31-py3-none-any.whl (166 kB)
   â”â”â”â”â”â”â”â”â”â”â”â”â”â”â”â”â”â”â”â”â”â”â”â”â”â”â”â”â”â”â”â”â”â”â”â”â”â”â”â” 130.9/130.9 kB 25.8 MB/s eta 0:00:00
Downloading websockets-12.0-cp311-cp311-manylinux_2_5_x86_64.manylinux1_x86_64.manylinux_2_17_x86_64.manylinux2014_x86_64.whl (130 kB)
Downloading StrEnum-0.4.15-py3-none-any.whl (8.9 kB)
   â”â”â”â”â”â”â”â”â”â”â”â”â”â”â”â”â”â”â”â”â”â”â”â”â”â”â”â”â”â”â”â”â”â”â”â”â”â”â”â” 229.9/229.9 kB 43.6 MB/s eta 0:00:00
Downloading python_dateutil-2.9.0.post0-py2.py3-none-any.whl (229 kB)
   â”â”â”â”â”â”â”â”â”â”â”â”â”â”â”â”â”â”â”â”â”â”â”â”â”â”â”â”â”â”â”â”â”â”â”â”â”â”â”â” 2.0/2.0 MB 106.7 MB/s eta 0:00:00
Downloading pydantic_core-2.33.1-cp311-cp311-manylinux_2_17_x86_64.manylinux2014_x86_64.whl (2.0 MB)
   â”â”â”â”â”â”â”â”â”â”â”â”â”â”â”â”â”â”â”â”â”â”â”â”â”â”â”â”â”â”â”â”â”â”â”â”â”â”â”â” 443.6/443.6 kB 67.9 MB/s eta 0:00:00
Downloading pydantic-2.11.3-py3-none-any.whl (443 kB)
Downloading sniffio-1.3.1-py3-none-any.whl (10 kB)
   â”â”â”â”â”â”â”â”â”â”â”â”â”â”â”â”â”â”â”â”â”â”â”â”â”â”â”â”â”â”â”â”â”â”â”â”â”â”â”â” 74.5/74.5 kB 15.0 MB/s eta 0:00:00
Downloading httpcore-0.17.3-py3-none-any.whl (74 kB)
Downloading deprecation-2.1.0-py2.py3-none-any.whl (11 kB)
   â”â”â”â”â”â”â”â”â”â”â”â”â”â”â”â”â”â”â”â”â”â”â”â”â”â”â”â”â”â”â”â”â”â”â”â”â”â”â”â” 152.5/152.5 kB 27.9 MB/s eta 0:00:00
Downloading wtforms-3.2.1-py3-none-any.whl (152 kB)
   â”â”â”â”â”â”â”â”â”â”â”â”â”â”â”â”â”â”â”â”â”â”â”â”â”â”â”â”â”â”â”â”â”â”â”â”â”â”â”â” 65.5/65.5 kB 14.3 MB/s eta 0:00:00
Downloading packaging-24.2-py3-none-any.whl (65 kB)
   â”â”â”â”â”â”â”â”â”â”â”â”â”â”â”â”â”â”â”â”â”â”â”â”â”â”â”â”â”â”â”â”â”â”â”â”â”â”â”â” 45.7/45.7 kB 9.7 MB/s eta 0:00:00
Downloading typing_extensions-4.13.1-py3-none-any.whl (45 kB)
Downloading supafunc-0.2.3-py3-none-any.whl (2.8 kB)
Downloading storage3-0.5.4-py3-none-any.whl (14 kB)
Downloading realtime-1.0.6-py3-none-any.whl (9.0 kB)
Downloading postgrest-0.10.8-py3-none-any.whl (18 kB)
Downloading MarkupSafe-3.0.2-cp311-cp311-manylinux_2_17_x86_64.manylinux2014_x86_64.whl (23 kB)
   â”â”â”â”â”â”â”â”â”â”â”â”â”â”â”â”â”â”â”â”â”â”â”â”â”â”â”â”â”â”â”â”â”â”â”â”â”â”â”â” 134.9/134.9 kB 28.0 MB/s eta 0:00:00
Downloading jinja2-3.1.6-py3-none-any.whl (134 kB)
Downloading itsdangerous-2.2.0-py3-none-any.whl (16 kB)
   â”â”â”â”â”â”â”â”â”â”â”â”â”â”â”â”â”â”â”â”â”â”â”â”â”â”â”â”â”â”â”â”â”â”â”â”â”â”â”â” 70.4/70.4 kB 16.3 MB/s eta 0:00:00
Downloading idna-3.10-py3-none-any.whl (70 kB)
   â”â”â”â”â”â”â”â”â”â”â”â”â”â”â”â”â”â”â”â”â”â”â”â”â”â”â”â”â”â”â”â”â”â”â”â”â”â”â”â” 75.4/75.4 kB 17.4 MB/s eta 0:00:00
Downloading httpx-0.24.1-py3-none-any.whl (75 kB)
   â”â”â”â”â”â”â”â”â”â”â”â”â”â”â”â”â”â”â”â”â”â”â”â”â”â”â”â”â”â”â”â”â”â”â”â”â”â”â”â” 602.4/602.4 kB 75.6 MB/s eta 0:00:00
Downloading greenlet-3.1.1-cp311-cp311-manylinux_2_24_x86_64.manylinux_2_28_x86_64.whl (602 kB)
   â”â”â”â”â”â”â”â”â”â”â”â”â”â”â”â”â”â”â”â”â”â”â”â”â”â”â”â”â”â”â”â”â”â”â”â”â”â”â”â” 42.3/42.3 kB 9.0 MB/s eta 0:00:00
Downloading gotrue-1.3.1-py3-none-any.whl (42 kB)
   â”â”â”â”â”â”â”â”â”â”â”â”â”â”â”â”â”â”â”â”â”â”â”â”â”â”â”â”â”â”â”â”â”â”â”â”â”â”â”â” 313.6/313.6 kB 53.3 MB/s eta 0:00:00
Downloading dnspython-2.7.0-py3-none-any.whl (313 kB)
   â”â”â”â”â”â”â”â”â”â”â”â”â”â”â”â”â”â”â”â”â”â”â”â”â”â”â”â”â”â”â”â”â”â”â”â”â”â”â”â” 98.2/98.2 kB 20.0 MB/s eta 0:00:00
Downloading click-8.1.8-py3-none-any.whl (98 kB)
Downloading blinker-1.9.0-py3-none-any.whl (8.5 kB)
   â”â”â”â”â”â”â”â”â”â”â”â”â”â”â”â”â”â”â”â”â”â”â”â”â”â”â”â”â”â”â”â”â”â”â”â”â”â”â”â” 242.2/242.2 kB 44.2 MB/s eta 0:00:00
Downloading werkzeug-2.3.7-py3-none-any.whl (242 kB)
Downloading supabase-1.0.4-py3-none-any.whl (11 kB)
   â”â”â”â”â”â”â”â”â”â”â”â”â”â”â”â”â”â”â”â”â”â”â”â”â”â”â”â”â”â”â”â”â”â”â”â”â”â”â”â” 3.2/3.2 MB 114.4 MB/s eta 0:00:00
Downloading SQLAlchemy-2.0.23-cp311-cp311-manylinux_2_17_x86_64.manylinux2014_x86_64.whl (3.2 MB)
   â”â”â”â”â”â”â”â”â”â”â”â”â”â”â”â”â”â”â”â”â”â”â”â”â”â”â”â”â”â”â”â”â”â”â”â”â”â”â”â” 3.0/3.0 MB 79.9 MB/s eta 0:00:00
Downloading psycopg2_binary-2.9.9-cp311-cp311-manylinux_2_17_x86_64.manylinux2014_x86_64.whl (3.0 MB)
   â”â”â”â”â”â”â”â”â”â”â”â”â”â”â”â”â”â”â”â”â”â”â”â”â”â”â”â”â”â”â”â”â”â”â”â”â”â”â”â” 80.2/80.2 kB 15.1 MB/s eta 0:00:00
Downloading gunicorn-21.2.0-py3-none-any.whl (80 kB)
Downloading flask_wtf-1.2.1-py3-none-any.whl (12 kB)
Downloading flask_sqlalchemy-3.1.1-py3-none-any.whl (25 kB)
Downloading Flask_Login-0.6.3-py3-none-any.whl (17 kB)
Downloading Flask_Cors-4.0.0-py2.py3-none-any.whl (14 kB)
You can also use theRender CLIto explore logs in your command line.

